<?xml version="1.0" encoding="UTF-8"?>
<coverage generated="1771787811366" clover="3.2.0">
  <project timestamp="1771787811366" name="All files">
    <metrics statements="12" coveredstatements="12" conditionals="12" coveredconditionals="10" methods="2" coveredmethods="2" elements="26" coveredelements="24" complexity="0" loc="12" ncloc="12" packages="1" files="1" classes="1"/>
    <file name="taskManager.js" path="D:\Універ\ІІІ курс\ІІ семестр\Управління ІТ-проєктами\1\Code\src\logic\taskManager.js">
      <metrics statements="12" coveredstatements="12" conditionals="12" coveredconditionals="10" methods="2" coveredmethods="2"/>
      <line num="2" count="4" type="cond" truecount="2" falsecount="0"/>
      <line num="4" count="3" type="stmt"/>
      <line num="5" count="3" type="stmt"/>
      <line num="7" count="3" type="stmt"/>
      <line num="8" count="3" type="stmt"/>
      <line num="10" count="3" type="stmt"/>
      <line num="11" count="3" type="stmt"/>
      <line num="13" count="3" type="stmt"/>
      <line num="17" count="2" type="cond" truecount="3" falsecount="1"/>
      <line num="18" count="2" type="cond" truecount="4" falsecount="0"/>
      <line num="19" count="1" type="cond" truecount="1" falsecount="1"/>
      <line num="21" count="1" type="stmt"/>
    </file>
  </project>
</coverage>
