{"D:\\Універ\\ІІІ курс\\ІІ семестр\\Управління ІТ-проєктами\\1\\Code\\src\\logic\\taskManager.js": {"path":"D:\\Універ\\ІІІ курс\\ІІ семестр\\Управління ІТ-проєктами\\1\\Code\\src\\logic\\taskManager.js","statementMap":{"0":{"start":{"line":2,"column":4},"end":{"line":2,"column":37}},"1":{"start":{"line":2,"column":25},"end":{"line":2,"column":37}},"2":{"start":{"line":4,"column":18},"end":{"line":4,"column":28}},"3":{"start":{"line":5,"column":4},"end":{"line":5,"column":31}},"4":{"start":{"line":7,"column":21},"end":{"line":7,"column":45}},"5":{"start":{"line":8,"column":4},"end":{"line":8,"column":34}},"6":{"start":{"line":10,"column":21},"end":{"line":10,"column":37}},"7":{"start":{"line":11,"column":21},"end":{"line":11,"column":64}},"8":{"start":{"line":13,"column":4},"end":{"line":13,"column":20}},"9":{"start":{"line":17,"column":4},"end":{"line":17,"column":56}},"10":{"start":{"line":17,"column":43},"end":{"line":17,"column":56}},"11":{"start":{"line":18,"column":4},"end":{"line":18,"column":68}},"12":{"start":{"line":18,"column":55},"end":{"line":18,"column":68}},"13":{"start":{"line":19,"column":4},"end":{"line":19,"column":46}},"14":{"start":{"line":19,"column":33},"end":{"line":19,"column":46}},"15":{"start":{"line":21,"column":4},"end":{"line":21,"column":16}}},"fnMap":{"0":{"name":"getDaysUntilDeadline","decl":{"start":{"line":1,"column":16},"end":{"line":1,"column":36}},"loc":{"start":{"line":1,"column":53},"end":{"line":14,"column":1}},"line":1},"1":{"name":"validateTask","decl":{"start":{"line":16,"column":16},"end":{"line":16,"column":28}},"loc":{"start":{"line":16,"column":35},"end":{"line":22,"column":null}},"line":16}},"branchMap":{"0":{"loc":{"start":{"line":2,"column":4},"end":{"line":2,"column":37}},"type":"if","locations":[{"start":{"line":2,"column":4},"end":{"line":2,"column":37}},{"start":{},"end":{}}],"line":2},"1":{"loc":{"start":{"line":17,"column":4},"end":{"line":17,"column":56}},"type":"if","locations":[{"start":{"line":17,"column":4},"end":{"line":17,"column":56}},{"start":{},"end":{}}],"line":17},"2":{"loc":{"start":{"line":17,"column":8},"end":{"line":17,"column":41}},"type":"binary-expr","locations":[{"start":{"line":17,"column":8},"end":{"line":17,"column":13}},{"start":{"line":17,"column":17},"end":{"line":17,"column":41}}],"line":17},"3":{"loc":{"start":{"line":18,"column":4},"end":{"line":18,"column":68}},"type":"if","locations":[{"start":{"line":18,"column":4},"end":{"line":18,"column":68}},{"start":{},"end":{}}],"line":18},"4":{"loc":{"start":{"line":18,"column":8},"end":{"line":18,"column":53}},"type":"binary-expr","locations":[{"start":{"line":18,"column":8},"end":{"line":18,"column":19}},{"start":{"line":18,"column":23},"end":{"line":18,"column":53}}],"line":18},"5":{"loc":{"start":{"line":19,"column":4},"end":{"line":19,"column":46}},"type":"if","locations":[{"start":{"line":19,"column":4},"end":{"line":19,"column":46}},{"start":{},"end":{}}],"line":19}},"s":{"0":4,"1":1,"2":3,"3":3,"4":3,"5":3,"6":3,"7":3,"8":3,"9":2,"10":0,"11":2,"12":1,"13":1,"14":0,"15":1},"f":{"0":4,"1":2},"b":{"0":[1,3],"1":[0,2],"2":[2,2],"3":[1,1],"4":[2,2],"5":[0,1]},"meta":{"lastBranch":6,"lastFunction":2,"lastStatement":16,"seen":{"f:1:16:1:36":0,"b:2:4:2:37:undefined:undefined:undefined:undefined":0,"s:2:4:2:37":0,"s:2:25:2:37":1,"s:4:18:4:28":2,"s:5:4:5:31":3,"s:7:21:7:45":4,"s:8:4:8:34":5,"s:10:21:10:37":6,"s:11:21:11:64":7,"s:13:4:13:20":8,"f:16:16:16:28":1,"b:17:4:17:56:undefined:undefined:undefined:undefined":1,"s:17:4:17:56":9,"b:17:8:17:13:17:17:17:41":2,"s:17:43:17:56":10,"b:18:4:18:68:undefined:undefined:undefined:undefined":3,"s:18:4:18:68":11,"b:18:8:18:19:18:23:18:53":4,"s:18:55:18:68":12,"b:19:4:19:46:undefined:undefined:undefined:undefined":5,"s:19:4:19:46":13,"s:19:33:19:46":14,"s:21:4:21:16":15}}}
}
